I, [2014-04-03T16:20:43.023009 #28562]  INFO -- : Started GET "/static_pages/home" for 127.0.0.1 at 2014-04-03 16:20:43 +0900
F, [2014-04-03T16:20:43.216543 #28562] FATAL -- : 
PG::ConnectionBad (FATAL:  データベース"sample_app2_production"は存在しません
):
  activerecord (4.0.4) lib/active_record/connection_adapters/postgresql_adapter.rb:848:in `initialize'
  activerecord (4.0.4) lib/active_record/connection_adapters/postgresql_adapter.rb:848:in `new'
  activerecord (4.0.4) lib/active_record/connection_adapters/postgresql_adapter.rb:848:in `connect'
  activerecord (4.0.4) lib/active_record/connection_adapters/postgresql_adapter.rb:556:in `initialize'
  activerecord (4.0.4) lib/active_record/connection_adapters/postgresql_adapter.rb:41:in `new'
  activerecord (4.0.4) lib/active_record/connection_adapters/postgresql_adapter.rb:41:in `postgresql_connection'
  activerecord (4.0.4) lib/active_record/connection_adapters/abstract/connection_pool.rb:440:in `new_connection'
  activerecord (4.0.4) lib/active_record/connection_adapters/abstract/connection_pool.rb:450:in `checkout_new_connection'
  activerecord (4.0.4) lib/active_record/connection_adapters/abstract/connection_pool.rb:421:in `acquire_connection'
  activerecord (4.0.4) lib/active_record/connection_adapters/abstract/connection_pool.rb:356:in `block in checkout'
  /Users/hiro/.rbenv/versions/2.1.1/lib/ruby/2.1.0/monitor.rb:211:in `mon_synchronize'
  activerecord (4.0.4) lib/active_record/connection_adapters/abstract/connection_pool.rb:355:in `checkout'
  activerecord (4.0.4) lib/active_record/connection_adapters/abstract/connection_pool.rb:265:in `block in connection'
  /Users/hiro/.rbenv/versions/2.1.1/lib/ruby/2.1.0/monitor.rb:211:in `mon_synchronize'
  activerecord (4.0.4) lib/active_record/connection_adapters/abstract/connection_pool.rb:264:in `connection'
  activerecord (4.0.4) lib/active_record/connection_adapters/abstract/connection_pool.rb:546:in `retrieve_connection'
  activerecord (4.0.4) lib/active_record/connection_handling.rb:79:in `retrieve_connection'
  activerecord (4.0.4) lib/active_record/connection_handling.rb:53:in `connection'
  activerecord (4.0.4) lib/active_record/query_cache.rb:51:in `restore_query_cache_settings'
  activerecord (4.0.4) lib/active_record/query_cache.rb:43:in `rescue in call'
  activerecord (4.0.4) lib/active_record/query_cache.rb:32:in `call'
  activerecord (4.0.4) lib/active_record/connection_adapters/abstract/connection_pool.rb:626:in `call'
  actionpack (4.0.4) lib/action_dispatch/middleware/callbacks.rb:29:in `block in call'
  activesupport (4.0.4) lib/active_support/callbacks.rb:373:in `_run__2120603271551096080__call__callbacks'
  activesupport (4.0.4) lib/active_support/callbacks.rb:80:in `run_callbacks'
  actionpack (4.0.4) lib/action_dispatch/middleware/callbacks.rb:27:in `call'
  actionpack (4.0.4) lib/action_dispatch/middleware/remote_ip.rb:76:in `call'
  actionpack (4.0.4) lib/action_dispatch/middleware/debug_exceptions.rb:17:in `call'
  actionpack (4.0.4) lib/action_dispatch/middleware/show_exceptions.rb:30:in `call'
  railties (4.0.4) lib/rails/rack/logger.rb:38:in `call_app'
  railties (4.0.4) lib/rails/rack/logger.rb:20:in `block in call'
  activesupport (4.0.4) lib/active_support/tagged_logging.rb:68:in `block in tagged'
  activesupport (4.0.4) lib/active_support/tagged_logging.rb:26:in `tagged'
  activesupport (4.0.4) lib/active_support/tagged_logging.rb:68:in `tagged'
  railties (4.0.4) lib/rails/rack/logger.rb:20:in `call'
  actionpack (4.0.4) lib/action_dispatch/middleware/request_id.rb:21:in `call'
  rack (1.5.2) lib/rack/methodoverride.rb:21:in `call'
  rack (1.5.2) lib/rack/runtime.rb:17:in `call'
  activesupport (4.0.4) lib/active_support/cache/strategy/local_cache.rb:83:in `call'
  rack (1.5.2) lib/rack/sendfile.rb:112:in `call'
  railties (4.0.4) lib/rails/engine.rb:511:in `call'
  railties (4.0.4) lib/rails/application.rb:97:in `call'
  rack (1.5.2) lib/rack/lock.rb:17:in `call'
  rack (1.5.2) lib/rack/content_length.rb:14:in `call'
  rack (1.5.2) lib/rack/handler/webrick.rb:60:in `service'
  /Users/hiro/.rbenv/versions/2.1.1/lib/ruby/2.1.0/webrick/httpserver.rb:138:in `service'
  /Users/hiro/.rbenv/versions/2.1.1/lib/ruby/2.1.0/webrick/httpserver.rb:94:in `run'
  /Users/hiro/.rbenv/versions/2.1.1/lib/ruby/2.1.0/webrick/server.rb:295:in `block in start_thread'


I, [2014-04-03T16:21:21.901570 #29269]  INFO -- : Started GET "/static_pages/home" for 127.0.0.1 at 2014-04-03 16:21:21 +0900
I, [2014-04-03T16:21:22.065980 #29269]  INFO -- : Processing by StaticPagesController#home as HTML
I, [2014-04-03T16:21:22.081435 #29269]  INFO -- :   Rendered static_pages/home.html.erb within layouts/application (1.1ms)
I, [2014-04-03T16:21:22.083905 #29269]  INFO -- :   Rendered layouts/_shim.html.erb (0.3ms)
I, [2014-04-03T16:21:22.085694 #29269]  INFO -- :   Rendered layouts/_header.html.erb (0.8ms)
I, [2014-04-03T16:21:22.087295 #29269]  INFO -- :   Rendered layouts/_footer.html.erb (0.5ms)
I, [2014-04-03T16:21:22.087655 #29269]  INFO -- : Completed 200 OK in 21ms (Views: 9.9ms | ActiveRecord: 0.0ms)
I, [2014-04-03T16:21:22.449345 #29269]  INFO -- : Started GET "/javascripts/application.js" for 127.0.0.1 at 2014-04-03 16:21:22 +0900
F, [2014-04-03T16:21:22.480017 #29269] FATAL -- : 
ActionController::RoutingError (No route matches [GET] "/javascripts/application.js"):
  actionpack (4.0.4) lib/action_dispatch/middleware/debug_exceptions.rb:21:in `call'
  actionpack (4.0.4) lib/action_dispatch/middleware/show_exceptions.rb:30:in `call'
  railties (4.0.4) lib/rails/rack/logger.rb:38:in `call_app'
  railties (4.0.4) lib/rails/rack/logger.rb:20:in `block in call'
  activesupport (4.0.4) lib/active_support/tagged_logging.rb:68:in `block in tagged'
  activesupport (4.0.4) lib/active_support/tagged_logging.rb:26:in `tagged'
  activesupport (4.0.4) lib/active_support/tagged_logging.rb:68:in `tagged'
  railties (4.0.4) lib/rails/rack/logger.rb:20:in `call'
  actionpack (4.0.4) lib/action_dispatch/middleware/request_id.rb:21:in `call'
  rack (1.5.2) lib/rack/methodoverride.rb:21:in `call'
  rack (1.5.2) lib/rack/runtime.rb:17:in `call'
  activesupport (4.0.4) lib/active_support/cache/strategy/local_cache.rb:83:in `call'
  rack (1.5.2) lib/rack/sendfile.rb:112:in `call'
  railties (4.0.4) lib/rails/engine.rb:511:in `call'
  railties (4.0.4) lib/rails/application.rb:97:in `call'
  rack (1.5.2) lib/rack/lock.rb:17:in `call'
  rack (1.5.2) lib/rack/content_length.rb:14:in `call'
  rack (1.5.2) lib/rack/handler/webrick.rb:60:in `service'
  /Users/hiro/.rbenv/versions/2.1.1/lib/ruby/2.1.0/webrick/httpserver.rb:138:in `service'
  /Users/hiro/.rbenv/versions/2.1.1/lib/ruby/2.1.0/webrick/httpserver.rb:94:in `run'
  /Users/hiro/.rbenv/versions/2.1.1/lib/ruby/2.1.0/webrick/server.rb:295:in `block in start_thread'


I, [2014-04-03T16:21:22.481894 #29269]  INFO -- : Started GET "/images/rails.png" for 127.0.0.1 at 2014-04-03 16:21:22 +0900
F, [2014-04-03T16:21:22.504163 #29269] FATAL -- : 
ActionController::RoutingError (No route matches [GET] "/images/rails.png"):
  actionpack (4.0.4) lib/action_dispatch/middleware/debug_exceptions.rb:21:in `call'
  actionpack (4.0.4) lib/action_dispatch/middleware/show_exceptions.rb:30:in `call'
  railties (4.0.4) lib/rails/rack/logger.rb:38:in `call_app'
  railties (4.0.4) lib/rails/rack/logger.rb:20:in `block in call'
  activesupport (4.0.4) lib/active_support/tagged_logging.rb:68:in `block in tagged'
  activesupport (4.0.4) lib/active_support/tagged_logging.rb:26:in `tagged'
  activesupport (4.0.4) lib/active_support/tagged_logging.rb:68:in `tagged'
  railties (4.0.4) lib/rails/rack/logger.rb:20:in `call'
  actionpack (4.0.4) lib/action_dispatch/middleware/request_id.rb:21:in `call'
  rack (1.5.2) lib/rack/methodoverride.rb:21:in `call'
  rack (1.5.2) lib/rack/runtime.rb:17:in `call'
  activesupport (4.0.4) lib/active_support/cache/strategy/local_cache.rb:83:in `call'
  rack (1.5.2) lib/rack/sendfile.rb:112:in `call'
  railties (4.0.4) lib/rails/engine.rb:511:in `call'
  railties (4.0.4) lib/rails/application.rb:97:in `call'
  rack (1.5.2) lib/rack/lock.rb:17:in `call'
  rack (1.5.2) lib/rack/content_length.rb:14:in `call'
  rack (1.5.2) lib/rack/handler/webrick.rb:60:in `service'
  /Users/hiro/.rbenv/versions/2.1.1/lib/ruby/2.1.0/webrick/httpserver.rb:138:in `service'
  /Users/hiro/.rbenv/versions/2.1.1/lib/ruby/2.1.0/webrick/httpserver.rb:94:in `run'
  /Users/hiro/.rbenv/versions/2.1.1/lib/ruby/2.1.0/webrick/server.rb:295:in `block in start_thread'


I, [2014-04-03T16:21:22.506433 #29269]  INFO -- : Started GET "/stylesheets/application.css" for 127.0.0.1 at 2014-04-03 16:21:22 +0900
F, [2014-04-03T16:21:22.533091 #29269] FATAL -- : 
ActionController::RoutingError (No route matches [GET] "/stylesheets/application.css"):
  actionpack (4.0.4) lib/action_dispatch/middleware/debug_exceptions.rb:21:in `call'
  actionpack (4.0.4) lib/action_dispatch/middleware/show_exceptions.rb:30:in `call'
  railties (4.0.4) lib/rails/rack/logger.rb:38:in `call_app'
  railties (4.0.4) lib/rails/rack/logger.rb:20:in `block in call'
  activesupport (4.0.4) lib/active_support/tagged_logging.rb:68:in `block in tagged'
  activesupport (4.0.4) lib/active_support/tagged_logging.rb:26:in `tagged'
  activesupport (4.0.4) lib/active_support/tagged_logging.rb:68:in `tagged'
  railties (4.0.4) lib/rails/rack/logger.rb:20:in `call'
  actionpack (4.0.4) lib/action_dispatch/middleware/request_id.rb:21:in `call'
  rack (1.5.2) lib/rack/methodoverride.rb:21:in `call'
  rack (1.5.2) lib/rack/runtime.rb:17:in `call'
  activesupport (4.0.4) lib/active_support/cache/strategy/local_cache.rb:83:in `call'
  rack (1.5.2) lib/rack/sendfile.rb:112:in `call'
  railties (4.0.4) lib/rails/engine.rb:511:in `call'
  railties (4.0.4) lib/rails/application.rb:97:in `call'
  rack (1.5.2) lib/rack/lock.rb:17:in `call'
  rack (1.5.2) lib/rack/content_length.rb:14:in `call'
  rack (1.5.2) lib/rack/handler/webrick.rb:60:in `service'
  /Users/hiro/.rbenv/versions/2.1.1/lib/ruby/2.1.0/webrick/httpserver.rb:138:in `service'
  /Users/hiro/.rbenv/versions/2.1.1/lib/ruby/2.1.0/webrick/httpserver.rb:94:in `run'
  /Users/hiro/.rbenv/versions/2.1.1/lib/ruby/2.1.0/webrick/server.rb:295:in `block in start_thread'


I, [2014-04-03T16:21:22.680246 #29269]  INFO -- : Started GET "/images/rails.png" for 127.0.0.1 at 2014-04-03 16:21:22 +0900
F, [2014-04-03T16:21:22.699561 #29269] FATAL -- : 
ActionController::RoutingError (No route matches [GET] "/images/rails.png"):
  actionpack (4.0.4) lib/action_dispatch/middleware/debug_exceptions.rb:21:in `call'
  actionpack (4.0.4) lib/action_dispatch/middleware/show_exceptions.rb:30:in `call'
  railties (4.0.4) lib/rails/rack/logger.rb:38:in `call_app'
  railties (4.0.4) lib/rails/rack/logger.rb:20:in `block in call'
  activesupport (4.0.4) lib/active_support/tagged_logging.rb:68:in `block in tagged'
  activesupport (4.0.4) lib/active_support/tagged_logging.rb:26:in `tagged'
  activesupport (4.0.4) lib/active_support/tagged_logging.rb:68:in `tagged'
  railties (4.0.4) lib/rails/rack/logger.rb:20:in `call'
  actionpack (4.0.4) lib/action_dispatch/middleware/request_id.rb:21:in `call'
  rack (1.5.2) lib/rack/methodoverride.rb:21:in `call'
  rack (1.5.2) lib/rack/runtime.rb:17:in `call'
  activesupport (4.0.4) lib/active_support/cache/strategy/local_cache.rb:83:in `call'
  rack (1.5.2) lib/rack/sendfile.rb:112:in `call'
  railties (4.0.4) lib/rails/engine.rb:511:in `call'
  railties (4.0.4) lib/rails/application.rb:97:in `call'
  rack (1.5.2) lib/rack/lock.rb:17:in `call'
  rack (1.5.2) lib/rack/content_length.rb:14:in `call'
  rack (1.5.2) lib/rack/handler/webrick.rb:60:in `service'
  /Users/hiro/.rbenv/versions/2.1.1/lib/ruby/2.1.0/webrick/httpserver.rb:138:in `service'
  /Users/hiro/.rbenv/versions/2.1.1/lib/ruby/2.1.0/webrick/httpserver.rb:94:in `run'
  /Users/hiro/.rbenv/versions/2.1.1/lib/ruby/2.1.0/webrick/server.rb:295:in `block in start_thread'


I, [2014-04-03T16:21:22.930974 #29269]  INFO -- : Started GET "/images/rails.png" for 127.0.0.1 at 2014-04-03 16:21:22 +0900
F, [2014-04-03T16:21:22.948505 #29269] FATAL -- : 
ActionController::RoutingError (No route matches [GET] "/images/rails.png"):
  actionpack (4.0.4) lib/action_dispatch/middleware/debug_exceptions.rb:21:in `call'
  actionpack (4.0.4) lib/action_dispatch/middleware/show_exceptions.rb:30:in `call'
  railties (4.0.4) lib/rails/rack/logger.rb:38:in `call_app'
  railties (4.0.4) lib/rails/rack/logger.rb:20:in `block in call'
  activesupport (4.0.4) lib/active_support/tagged_logging.rb:68:in `block in tagged'
  activesupport (4.0.4) lib/active_support/tagged_logging.rb:26:in `tagged'
  activesupport (4.0.4) lib/active_support/tagged_logging.rb:68:in `tagged'
  railties (4.0.4) lib/rails/rack/logger.rb:20:in `call'
  actionpack (4.0.4) lib/action_dispatch/middleware/request_id.rb:21:in `call'
  rack (1.5.2) lib/rack/methodoverride.rb:21:in `call'
  rack (1.5.2) lib/rack/runtime.rb:17:in `call'
  activesupport (4.0.4) lib/active_support/cache/strategy/local_cache.rb:83:in `call'
  rack (1.5.2) lib/rack/sendfile.rb:112:in `call'
  railties (4.0.4) lib/rails/engine.rb:511:in `call'
  railties (4.0.4) lib/rails/application.rb:97:in `call'
  rack (1.5.2) lib/rack/lock.rb:17:in `call'
  rack (1.5.2) lib/rack/content_length.rb:14:in `call'
  rack (1.5.2) lib/rack/handler/webrick.rb:60:in `service'
  /Users/hiro/.rbenv/versions/2.1.1/lib/ruby/2.1.0/webrick/httpserver.rb:138:in `service'
  /Users/hiro/.rbenv/versions/2.1.1/lib/ruby/2.1.0/webrick/httpserver.rb:94:in `run'
  /Users/hiro/.rbenv/versions/2.1.1/lib/ruby/2.1.0/webrick/server.rb:295:in `block in start_thread'


I, [2014-04-03T16:22:00.076782 #29586]  INFO -- : Started GET "/static_pages/home" for 127.0.0.1 at 2014-04-03 16:22:00 +0900
I, [2014-04-03T16:22:00.237542 #29586]  INFO -- : Processing by StaticPagesController#home as HTML
I, [2014-04-03T16:22:00.253651 #29586]  INFO -- :   Rendered static_pages/home.html.erb within layouts/application (1.1ms)
I, [2014-04-03T16:22:00.256565 #29586]  INFO -- :   Rendered layouts/_shim.html.erb (0.4ms)
I, [2014-04-03T16:22:00.258561 #29586]  INFO -- :   Rendered layouts/_header.html.erb (0.8ms)
I, [2014-04-03T16:22:00.260058 #29586]  INFO -- :   Rendered layouts/_footer.html.erb (0.4ms)
I, [2014-04-03T16:22:00.260417 #29586]  INFO -- : Completed 200 OK in 23ms (Views: 11.1ms | ActiveRecord: 0.0ms)
I, [2014-04-03T16:22:00.670256 #29586]  INFO -- : Started GET "/javascripts/application.js" for 127.0.0.1 at 2014-04-03 16:22:00 +0900
F, [2014-04-03T16:22:00.681583 #29586] FATAL -- : 
ActionController::RoutingError (No route matches [GET] "/javascripts/application.js"):
  actionpack (4.0.4) lib/action_dispatch/middleware/debug_exceptions.rb:21:in `call'
  actionpack (4.0.4) lib/action_dispatch/middleware/show_exceptions.rb:30:in `call'
  railties (4.0.4) lib/rails/rack/logger.rb:38:in `call_app'
  railties (4.0.4) lib/rails/rack/logger.rb:20:in `block in call'
  activesupport (4.0.4) lib/active_support/tagged_logging.rb:68:in `block in tagged'
  activesupport (4.0.4) lib/active_support/tagged_logging.rb:26:in `tagged'
  activesupport (4.0.4) lib/active_support/tagged_logging.rb:68:in `tagged'
  railties (4.0.4) lib/rails/rack/logger.rb:20:in `call'
  actionpack (4.0.4) lib/action_dispatch/middleware/request_id.rb:21:in `call'
  rack (1.5.2) lib/rack/methodoverride.rb:21:in `call'
  rack (1.5.2) lib/rack/runtime.rb:17:in `call'
  activesupport (4.0.4) lib/active_support/cache/strategy/local_cache.rb:83:in `call'
  rack (1.5.2) lib/rack/sendfile.rb:112:in `call'
  railties (4.0.4) lib/rails/engine.rb:511:in `call'
  railties (4.0.4) lib/rails/application.rb:97:in `call'
  rack (1.5.2) lib/rack/lock.rb:17:in `call'
  rack (1.5.2) lib/rack/content_length.rb:14:in `call'
  rack (1.5.2) lib/rack/handler/webrick.rb:60:in `service'
  /Users/hiro/.rbenv/versions/2.1.1/lib/ruby/2.1.0/webrick/httpserver.rb:138:in `service'
  /Users/hiro/.rbenv/versions/2.1.1/lib/ruby/2.1.0/webrick/httpserver.rb:94:in `run'
  /Users/hiro/.rbenv/versions/2.1.1/lib/ruby/2.1.0/webrick/server.rb:295:in `block in start_thread'


I, [2014-04-03T16:22:00.686992 #29586]  INFO -- : Started GET "/stylesheets/application.css" for 127.0.0.1 at 2014-04-03 16:22:00 +0900
F, [2014-04-03T16:22:00.704846 #29586] FATAL -- : 
ActionController::RoutingError (No route matches [GET] "/stylesheets/application.css"):
  actionpack (4.0.4) lib/action_dispatch/middleware/debug_exceptions.rb:21:in `call'
  actionpack (4.0.4) lib/action_dispatch/middleware/show_exceptions.rb:30:in `call'
  railties (4.0.4) lib/rails/rack/logger.rb:38:in `call_app'
  railties (4.0.4) lib/rails/rack/logger.rb:20:in `block in call'
  activesupport (4.0.4) lib/active_support/tagged_logging.rb:68:in `block in tagged'
  activesupport (4.0.4) lib/active_support/tagged_logging.rb:26:in `tagged'
  activesupport (4.0.4) lib/active_support/tagged_logging.rb:68:in `tagged'
  railties (4.0.4) lib/rails/rack/logger.rb:20:in `call'
  actionpack (4.0.4) lib/action_dispatch/middleware/request_id.rb:21:in `call'
  rack (1.5.2) lib/rack/methodoverride.rb:21:in `call'
  rack (1.5.2) lib/rack/runtime.rb:17:in `call'
  activesupport (4.0.4) lib/active_support/cache/strategy/local_cache.rb:83:in `call'
  rack (1.5.2) lib/rack/sendfile.rb:112:in `call'
  railties (4.0.4) lib/rails/engine.rb:511:in `call'
  railties (4.0.4) lib/rails/application.rb:97:in `call'
  rack (1.5.2) lib/rack/lock.rb:17:in `call'
  rack (1.5.2) lib/rack/content_length.rb:14:in `call'
  rack (1.5.2) lib/rack/handler/webrick.rb:60:in `service'
  /Users/hiro/.rbenv/versions/2.1.1/lib/ruby/2.1.0/webrick/httpserver.rb:138:in `service'
  /Users/hiro/.rbenv/versions/2.1.1/lib/ruby/2.1.0/webrick/httpserver.rb:94:in `run'
  /Users/hiro/.rbenv/versions/2.1.1/lib/ruby/2.1.0/webrick/server.rb:295:in `block in start_thread'


I, [2014-04-03T16:22:00.706725 #29586]  INFO -- : Started GET "/images/rails.png" for 127.0.0.1 at 2014-04-03 16:22:00 +0900
F, [2014-04-03T16:22:00.726805 #29586] FATAL -- : 
ActionController::RoutingError (No route matches [GET] "/images/rails.png"):
  actionpack (4.0.4) lib/action_dispatch/middleware/debug_exceptions.rb:21:in `call'
  actionpack (4.0.4) lib/action_dispatch/middleware/show_exceptions.rb:30:in `call'
  railties (4.0.4) lib/rails/rack/logger.rb:38:in `call_app'
  railties (4.0.4) lib/rails/rack/logger.rb:20:in `block in call'
  activesupport (4.0.4) lib/active_support/tagged_logging.rb:68:in `block in tagged'
  activesupport (4.0.4) lib/active_support/tagged_logging.rb:26:in `tagged'
  activesupport (4.0.4) lib/active_support/tagged_logging.rb:68:in `tagged'
  railties (4.0.4) lib/rails/rack/logger.rb:20:in `call'
  actionpack (4.0.4) lib/action_dispatch/middleware/request_id.rb:21:in `call'
  rack (1.5.2) lib/rack/methodoverride.rb:21:in `call'
  rack (1.5.2) lib/rack/runtime.rb:17:in `call'
  activesupport (4.0.4) lib/active_support/cache/strategy/local_cache.rb:83:in `call'
  rack (1.5.2) lib/rack/sendfile.rb:112:in `call'
  railties (4.0.4) lib/rails/engine.rb:511:in `call'
  railties (4.0.4) lib/rails/application.rb:97:in `call'
  rack (1.5.2) lib/rack/lock.rb:17:in `call'
  rack (1.5.2) lib/rack/content_length.rb:14:in `call'
  rack (1.5.2) lib/rack/handler/webrick.rb:60:in `service'
  /Users/hiro/.rbenv/versions/2.1.1/lib/ruby/2.1.0/webrick/httpserver.rb:138:in `service'
  /Users/hiro/.rbenv/versions/2.1.1/lib/ruby/2.1.0/webrick/httpserver.rb:94:in `run'
  /Users/hiro/.rbenv/versions/2.1.1/lib/ruby/2.1.0/webrick/server.rb:295:in `block in start_thread'


I, [2014-04-03T16:23:27.365318 #31062]  INFO -- : Started GET "/static_pages/home" for 127.0.0.1 at 2014-04-03 16:23:27 +0900
I, [2014-04-03T16:23:27.525569 #31062]  INFO -- : Processing by StaticPagesController#home as HTML
I, [2014-04-03T16:23:27.535977 #31062]  INFO -- :   Rendered static_pages/home.html.erb within layouts/application (0.8ms)
I, [2014-04-03T16:23:27.537952 #31062]  INFO -- :   Rendered layouts/_shim.html.erb (0.3ms)
I, [2014-04-03T16:23:27.539332 #31062]  INFO -- :   Rendered layouts/_header.html.erb (0.6ms)
I, [2014-04-03T16:23:27.540686 #31062]  INFO -- :   Rendered layouts/_footer.html.erb (0.5ms)
I, [2014-04-03T16:23:27.541064 #31062]  INFO -- : Completed 200 OK in 15ms (Views: 7.8ms | ActiveRecord: 0.0ms)
I, [2014-04-03T16:23:27.793262 #31062]  INFO -- : Started GET "/javascripts/application.js" for 127.0.0.1 at 2014-04-03 16:23:27 +0900
F, [2014-04-03T16:23:27.812000 #31062] FATAL -- : 
ActionController::RoutingError (No route matches [GET] "/javascripts/application.js"):
  actionpack (4.0.4) lib/action_dispatch/middleware/debug_exceptions.rb:21:in `call'
  actionpack (4.0.4) lib/action_dispatch/middleware/show_exceptions.rb:30:in `call'
  railties (4.0.4) lib/rails/rack/logger.rb:38:in `call_app'
  railties (4.0.4) lib/rails/rack/logger.rb:20:in `block in call'
  activesupport (4.0.4) lib/active_support/tagged_logging.rb:68:in `block in tagged'
  activesupport (4.0.4) lib/active_support/tagged_logging.rb:26:in `tagged'
  activesupport (4.0.4) lib/active_support/tagged_logging.rb:68:in `tagged'
  railties (4.0.4) lib/rails/rack/logger.rb:20:in `call'
  actionpack (4.0.4) lib/action_dispatch/middleware/request_id.rb:21:in `call'
  rack (1.5.2) lib/rack/methodoverride.rb:21:in `call'
  rack (1.5.2) lib/rack/runtime.rb:17:in `call'
  activesupport (4.0.4) lib/active_support/cache/strategy/local_cache.rb:83:in `call'
  rack (1.5.2) lib/rack/sendfile.rb:112:in `call'
  railties (4.0.4) lib/rails/engine.rb:511:in `call'
  railties (4.0.4) lib/rails/application.rb:97:in `call'
  rack (1.5.2) lib/rack/lock.rb:17:in `call'
  rack (1.5.2) lib/rack/content_length.rb:14:in `call'
  rack (1.5.2) lib/rack/handler/webrick.rb:60:in `service'
  /Users/hiro/.rbenv/versions/2.1.1/lib/ruby/2.1.0/webrick/httpserver.rb:138:in `service'
  /Users/hiro/.rbenv/versions/2.1.1/lib/ruby/2.1.0/webrick/httpserver.rb:94:in `run'
  /Users/hiro/.rbenv/versions/2.1.1/lib/ruby/2.1.0/webrick/server.rb:295:in `block in start_thread'


I, [2014-04-03T16:23:27.814678 #31062]  INFO -- : Started GET "/stylesheets/application.css" for 127.0.0.1 at 2014-04-03 16:23:27 +0900
F, [2014-04-03T16:23:27.831645 #31062] FATAL -- : 
ActionController::RoutingError (No route matches [GET] "/stylesheets/application.css"):
  actionpack (4.0.4) lib/action_dispatch/middleware/debug_exceptions.rb:21:in `call'
  actionpack (4.0.4) lib/action_dispatch/middleware/show_exceptions.rb:30:in `call'
  railties (4.0.4) lib/rails/rack/logger.rb:38:in `call_app'
  railties (4.0.4) lib/rails/rack/logger.rb:20:in `block in call'
  activesupport (4.0.4) lib/active_support/tagged_logging.rb:68:in `block in tagged'
  activesupport (4.0.4) lib/active_support/tagged_logging.rb:26:in `tagged'
  activesupport (4.0.4) lib/active_support/tagged_logging.rb:68:in `tagged'
  railties (4.0.4) lib/rails/rack/logger.rb:20:in `call'
  actionpack (4.0.4) lib/action_dispatch/middleware/request_id.rb:21:in `call'
  rack (1.5.2) lib/rack/methodoverride.rb:21:in `call'
  rack (1.5.2) lib/rack/runtime.rb:17:in `call'
  activesupport (4.0.4) lib/active_support/cache/strategy/local_cache.rb:83:in `call'
  rack (1.5.2) lib/rack/sendfile.rb:112:in `call'
  railties (4.0.4) lib/rails/engine.rb:511:in `call'
  railties (4.0.4) lib/rails/application.rb:97:in `call'
  rack (1.5.2) lib/rack/lock.rb:17:in `call'
  rack (1.5.2) lib/rack/content_length.rb:14:in `call'
  rack (1.5.2) lib/rack/handler/webrick.rb:60:in `service'
  /Users/hiro/.rbenv/versions/2.1.1/lib/ruby/2.1.0/webrick/httpserver.rb:138:in `service'
  /Users/hiro/.rbenv/versions/2.1.1/lib/ruby/2.1.0/webrick/httpserver.rb:94:in `run'
  /Users/hiro/.rbenv/versions/2.1.1/lib/ruby/2.1.0/webrick/server.rb:295:in `block in start_thread'


I, [2014-04-03T16:23:27.833075 #31062]  INFO -- : Started GET "/images/rails.png" for 127.0.0.1 at 2014-04-03 16:23:27 +0900
F, [2014-04-03T16:23:27.852225 #31062] FATAL -- : 
ActionController::RoutingError (No route matches [GET] "/images/rails.png"):
  actionpack (4.0.4) lib/action_dispatch/middleware/debug_exceptions.rb:21:in `call'
  actionpack (4.0.4) lib/action_dispatch/middleware/show_exceptions.rb:30:in `call'
  railties (4.0.4) lib/rails/rack/logger.rb:38:in `call_app'
  railties (4.0.4) lib/rails/rack/logger.rb:20:in `block in call'
  activesupport (4.0.4) lib/active_support/tagged_logging.rb:68:in `block in tagged'
  activesupport (4.0.4) lib/active_support/tagged_logging.rb:26:in `tagged'
  activesupport (4.0.4) lib/active_support/tagged_logging.rb:68:in `tagged'
  railties (4.0.4) lib/rails/rack/logger.rb:20:in `call'
  actionpack (4.0.4) lib/action_dispatch/middleware/request_id.rb:21:in `call'
  rack (1.5.2) lib/rack/methodoverride.rb:21:in `call'
  rack (1.5.2) lib/rack/runtime.rb:17:in `call'
  activesupport (4.0.4) lib/active_support/cache/strategy/local_cache.rb:83:in `call'
  rack (1.5.2) lib/rack/sendfile.rb:112:in `call'
  railties (4.0.4) lib/rails/engine.rb:511:in `call'
  railties (4.0.4) lib/rails/application.rb:97:in `call'
  rack (1.5.2) lib/rack/lock.rb:17:in `call'
  rack (1.5.2) lib/rack/content_length.rb:14:in `call'
  rack (1.5.2) lib/rack/handler/webrick.rb:60:in `service'
  /Users/hiro/.rbenv/versions/2.1.1/lib/ruby/2.1.0/webrick/httpserver.rb:138:in `service'
  /Users/hiro/.rbenv/versions/2.1.1/lib/ruby/2.1.0/webrick/httpserver.rb:94:in `run'
  /Users/hiro/.rbenv/versions/2.1.1/lib/ruby/2.1.0/webrick/server.rb:295:in `block in start_thread'


I, [2014-04-03T16:24:44.157817 #31758]  INFO -- : Started GET "/static_pages/home" for 127.0.0.1 at 2014-04-03 16:24:44 +0900
I, [2014-04-03T16:24:44.373681 #31758]  INFO -- : Processing by StaticPagesController#home as HTML
I, [2014-04-03T16:24:44.385517 #31758]  INFO -- :   Rendered static_pages/home.html.erb within layouts/application (1.1ms)
I, [2014-04-03T16:24:44.388067 #31758]  INFO -- :   Rendered layouts/_shim.html.erb (0.3ms)
I, [2014-04-03T16:24:44.389794 #31758]  INFO -- :   Rendered layouts/_header.html.erb (0.6ms)
I, [2014-04-03T16:24:44.391873 #31758]  INFO -- :   Rendered layouts/_footer.html.erb (0.7ms)
I, [2014-04-03T16:24:44.392603 #31758]  INFO -- : Completed 200 OK in 19ms (Views: 10.9ms | ActiveRecord: 0.0ms)
I, [2014-04-03T16:24:44.759714 #31758]  INFO -- : Started GET "/assets/application-c4d7a5aa690a34bd8159f4c5d671f97d.css" for 127.0.0.1 at 2014-04-03 16:24:44 +0900
F, [2014-04-03T16:24:44.795363 #31758] FATAL -- : 
ActionController::RoutingError (No route matches [GET] "/assets/application-c4d7a5aa690a34bd8159f4c5d671f97d.css"):
  actionpack (4.0.4) lib/action_dispatch/middleware/debug_exceptions.rb:21:in `call'
  actionpack (4.0.4) lib/action_dispatch/middleware/show_exceptions.rb:30:in `call'
  railties (4.0.4) lib/rails/rack/logger.rb:38:in `call_app'
  railties (4.0.4) lib/rails/rack/logger.rb:20:in `block in call'
  activesupport (4.0.4) lib/active_support/tagged_logging.rb:68:in `block in tagged'
  activesupport (4.0.4) lib/active_support/tagged_logging.rb:26:in `tagged'
  activesupport (4.0.4) lib/active_support/tagged_logging.rb:68:in `tagged'
  railties (4.0.4) lib/rails/rack/logger.rb:20:in `call'
  actionpack (4.0.4) lib/action_dispatch/middleware/request_id.rb:21:in `call'
  rack (1.5.2) lib/rack/methodoverride.rb:21:in `call'
  rack (1.5.2) lib/rack/runtime.rb:17:in `call'
  activesupport (4.0.4) lib/active_support/cache/strategy/local_cache.rb:83:in `call'
  rack (1.5.2) lib/rack/sendfile.rb:112:in `call'
  railties (4.0.4) lib/rails/engine.rb:511:in `call'
  railties (4.0.4) lib/rails/application.rb:97:in `call'
  rack (1.5.2) lib/rack/lock.rb:17:in `call'
  rack (1.5.2) lib/rack/content_length.rb:14:in `call'
  rack (1.5.2) lib/rack/handler/webrick.rb:60:in `service'
  /Users/hiro/.rbenv/versions/2.1.1/lib/ruby/2.1.0/webrick/httpserver.rb:138:in `service'
  /Users/hiro/.rbenv/versions/2.1.1/lib/ruby/2.1.0/webrick/httpserver.rb:94:in `run'
  /Users/hiro/.rbenv/versions/2.1.1/lib/ruby/2.1.0/webrick/server.rb:295:in `block in start_thread'


I, [2014-04-03T16:24:44.796815 #31758]  INFO -- : Started GET "/assets/application-a6331b897cf3ba797c80532a10e47372.js" for 127.0.0.1 at 2014-04-03 16:24:44 +0900
F, [2014-04-03T16:24:44.805441 #31758] FATAL -- : 
ActionController::RoutingError (No route matches [GET] "/assets/application-a6331b897cf3ba797c80532a10e47372.js"):
  actionpack (4.0.4) lib/action_dispatch/middleware/debug_exceptions.rb:21:in `call'
  actionpack (4.0.4) lib/action_dispatch/middleware/show_exceptions.rb:30:in `call'
  railties (4.0.4) lib/rails/rack/logger.rb:38:in `call_app'
  railties (4.0.4) lib/rails/rack/logger.rb:20:in `block in call'
  activesupport (4.0.4) lib/active_support/tagged_logging.rb:68:in `block in tagged'
  activesupport (4.0.4) lib/active_support/tagged_logging.rb:26:in `tagged'
  activesupport (4.0.4) lib/active_support/tagged_logging.rb:68:in `tagged'
  railties (4.0.4) lib/rails/rack/logger.rb:20:in `call'
  actionpack (4.0.4) lib/action_dispatch/middleware/request_id.rb:21:in `call'
  rack (1.5.2) lib/rack/methodoverride.rb:21:in `call'
  rack (1.5.2) lib/rack/runtime.rb:17:in `call'
  activesupport (4.0.4) lib/active_support/cache/strategy/local_cache.rb:83:in `call'
  rack (1.5.2) lib/rack/sendfile.rb:112:in `call'
  railties (4.0.4) lib/rails/engine.rb:511:in `call'
  railties (4.0.4) lib/rails/application.rb:97:in `call'
  rack (1.5.2) lib/rack/lock.rb:17:in `call'
  rack (1.5.2) lib/rack/content_length.rb:14:in `call'
  rack (1.5.2) lib/rack/handler/webrick.rb:60:in `service'
  /Users/hiro/.rbenv/versions/2.1.1/lib/ruby/2.1.0/webrick/httpserver.rb:138:in `service'
  /Users/hiro/.rbenv/versions/2.1.1/lib/ruby/2.1.0/webrick/httpserver.rb:94:in `run'
  /Users/hiro/.rbenv/versions/2.1.1/lib/ruby/2.1.0/webrick/server.rb:295:in `block in start_thread'


I, [2014-04-03T16:24:44.809894 #31758]  INFO -- : Started GET "/assets/rails-9526610ae44d9e73134fd4337d78a4bb.png" for 127.0.0.1 at 2014-04-03 16:24:44 +0900
F, [2014-04-03T16:24:44.819340 #31758] FATAL -- : 
ActionController::RoutingError (No route matches [GET] "/assets/rails-9526610ae44d9e73134fd4337d78a4bb.png"):
  actionpack (4.0.4) lib/action_dispatch/middleware/debug_exceptions.rb:21:in `call'
  actionpack (4.0.4) lib/action_dispatch/middleware/show_exceptions.rb:30:in `call'
  railties (4.0.4) lib/rails/rack/logger.rb:38:in `call_app'
  railties (4.0.4) lib/rails/rack/logger.rb:20:in `block in call'
  activesupport (4.0.4) lib/active_support/tagged_logging.rb:68:in `block in tagged'
  activesupport (4.0.4) lib/active_support/tagged_logging.rb:26:in `tagged'
  activesupport (4.0.4) lib/active_support/tagged_logging.rb:68:in `tagged'
  railties (4.0.4) lib/rails/rack/logger.rb:20:in `call'
  actionpack (4.0.4) lib/action_dispatch/middleware/request_id.rb:21:in `call'
  rack (1.5.2) lib/rack/methodoverride.rb:21:in `call'
  rack (1.5.2) lib/rack/runtime.rb:17:in `call'
  activesupport (4.0.4) lib/active_support/cache/strategy/local_cache.rb:83:in `call'
  rack (1.5.2) lib/rack/sendfile.rb:112:in `call'
  railties (4.0.4) lib/rails/engine.rb:511:in `call'
  railties (4.0.4) lib/rails/application.rb:97:in `call'
  rack (1.5.2) lib/rack/lock.rb:17:in `call'
  rack (1.5.2) lib/rack/content_length.rb:14:in `call'
  rack (1.5.2) lib/rack/handler/webrick.rb:60:in `service'
  /Users/hiro/.rbenv/versions/2.1.1/lib/ruby/2.1.0/webrick/httpserver.rb:138:in `service'
  /Users/hiro/.rbenv/versions/2.1.1/lib/ruby/2.1.0/webrick/httpserver.rb:94:in `run'
  /Users/hiro/.rbenv/versions/2.1.1/lib/ruby/2.1.0/webrick/server.rb:295:in `block in start_thread'


I, [2014-04-03T16:25:36.123520 #32951]  INFO -- : Started GET "/static_pages/home" for 127.0.0.1 at 2014-04-03 16:25:36 +0900
I, [2014-04-03T16:25:36.351418 #32951]  INFO -- : Processing by StaticPagesController#home as HTML
I, [2014-04-03T16:25:36.362731 #32951]  INFO -- :   Rendered static_pages/home.html.erb within layouts/application (1.2ms)
I, [2014-04-03T16:25:36.365985 #32951]  INFO -- :   Rendered layouts/_shim.html.erb (0.4ms)
I, [2014-04-03T16:25:36.367936 #32951]  INFO -- :   Rendered layouts/_header.html.erb (0.8ms)
I, [2014-04-03T16:25:36.369790 #32951]  INFO -- :   Rendered layouts/_footer.html.erb (0.5ms)
I, [2014-04-03T16:25:36.370301 #32951]  INFO -- : Completed 200 OK in 19ms (Views: 11.0ms | ActiveRecord: 0.0ms)
I, [2014-04-03T16:27:06.778286 #35653]  INFO -- : Started GET "/static_pages/home" for 127.0.0.1 at 2014-04-03 16:27:06 +0900
I, [2014-04-03T16:27:06.987379 #35653]  INFO -- : Processing by StaticPagesController#home as HTML
I, [2014-04-03T16:27:07.005665 #35653]  INFO -- :   Rendered static_pages/home.html.erb within layouts/application (1.4ms)
I, [2014-04-03T16:27:07.009990 #35653]  INFO -- :   Rendered layouts/_shim.html.erb (0.5ms)
I, [2014-04-03T16:27:07.012556 #35653]  INFO -- :   Rendered layouts/_header.html.erb (0.9ms)
I, [2014-04-03T16:27:07.014712 #35653]  INFO -- :   Rendered layouts/_footer.html.erb (0.7ms)
I, [2014-04-03T16:27:07.015310 #35653]  INFO -- : Completed 200 OK in 28ms (Views: 14.8ms | ActiveRecord: 0.0ms)
I, [2014-04-03T16:27:07.362369 #35653]  INFO -- : Started GET "/images/rails.png" for 127.0.0.1 at 2014-04-03 16:27:07 +0900
F, [2014-04-03T16:27:07.372135 #35653] FATAL -- : 
ActionController::RoutingError (No route matches [GET] "/images/rails.png"):
  actionpack (4.0.4) lib/action_dispatch/middleware/debug_exceptions.rb:21:in `call'
  actionpack (4.0.4) lib/action_dispatch/middleware/show_exceptions.rb:30:in `call'
  railties (4.0.4) lib/rails/rack/logger.rb:38:in `call_app'
  railties (4.0.4) lib/rails/rack/logger.rb:20:in `block in call'
  activesupport (4.0.4) lib/active_support/tagged_logging.rb:68:in `block in tagged'
  activesupport (4.0.4) lib/active_support/tagged_logging.rb:26:in `tagged'
  activesupport (4.0.4) lib/active_support/tagged_logging.rb:68:in `tagged'
  railties (4.0.4) lib/rails/rack/logger.rb:20:in `call'
  actionpack (4.0.4) lib/action_dispatch/middleware/request_id.rb:21:in `call'
  rack (1.5.2) lib/rack/methodoverride.rb:21:in `call'
  rack (1.5.2) lib/rack/runtime.rb:17:in `call'
  activesupport (4.0.4) lib/active_support/cache/strategy/local_cache.rb:83:in `call'
  actionpack (4.0.4) lib/action_dispatch/middleware/static.rb:64:in `call'
  rack (1.5.2) lib/rack/sendfile.rb:112:in `call'
  railties (4.0.4) lib/rails/engine.rb:511:in `call'
  railties (4.0.4) lib/rails/application.rb:97:in `call'
  rack (1.5.2) lib/rack/lock.rb:17:in `call'
  rack (1.5.2) lib/rack/content_length.rb:14:in `call'
  rack (1.5.2) lib/rack/handler/webrick.rb:60:in `service'
  /Users/hiro/.rbenv/versions/2.1.1/lib/ruby/2.1.0/webrick/httpserver.rb:138:in `service'
  /Users/hiro/.rbenv/versions/2.1.1/lib/ruby/2.1.0/webrick/httpserver.rb:94:in `run'
  /Users/hiro/.rbenv/versions/2.1.1/lib/ruby/2.1.0/webrick/server.rb:295:in `block in start_thread'


I, [2014-04-03T16:27:07.373739 #35653]  INFO -- : Started GET "/javascripts/application.js" for 127.0.0.1 at 2014-04-03 16:27:07 +0900
F, [2014-04-03T16:27:07.388185 #35653] FATAL -- : 
ActionController::RoutingError (No route matches [GET] "/javascripts/application.js"):
  actionpack (4.0.4) lib/action_dispatch/middleware/debug_exceptions.rb:21:in `call'
  actionpack (4.0.4) lib/action_dispatch/middleware/show_exceptions.rb:30:in `call'
  railties (4.0.4) lib/rails/rack/logger.rb:38:in `call_app'
  railties (4.0.4) lib/rails/rack/logger.rb:20:in `block in call'
  activesupport (4.0.4) lib/active_support/tagged_logging.rb:68:in `block in tagged'
  activesupport (4.0.4) lib/active_support/tagged_logging.rb:26:in `tagged'
  activesupport (4.0.4) lib/active_support/tagged_logging.rb:68:in `tagged'
  railties (4.0.4) lib/rails/rack/logger.rb:20:in `call'
  actionpack (4.0.4) lib/action_dispatch/middleware/request_id.rb:21:in `call'
  rack (1.5.2) lib/rack/methodoverride.rb:21:in `call'
  rack (1.5.2) lib/rack/runtime.rb:17:in `call'
  activesupport (4.0.4) lib/active_support/cache/strategy/local_cache.rb:83:in `call'
  actionpack (4.0.4) lib/action_dispatch/middleware/static.rb:64:in `call'
  rack (1.5.2) lib/rack/sendfile.rb:112:in `call'
  railties (4.0.4) lib/rails/engine.rb:511:in `call'
  railties (4.0.4) lib/rails/application.rb:97:in `call'
  rack (1.5.2) lib/rack/lock.rb:17:in `call'
  rack (1.5.2) lib/rack/content_length.rb:14:in `call'
  rack (1.5.2) lib/rack/handler/webrick.rb:60:in `service'
  /Users/hiro/.rbenv/versions/2.1.1/lib/ruby/2.1.0/webrick/httpserver.rb:138:in `service'
  /Users/hiro/.rbenv/versions/2.1.1/lib/ruby/2.1.0/webrick/httpserver.rb:94:in `run'
  /Users/hiro/.rbenv/versions/2.1.1/lib/ruby/2.1.0/webrick/server.rb:295:in `block in start_thread'


I, [2014-04-03T16:27:07.395677 #35653]  INFO -- : Started GET "/stylesheets/application.css" for 127.0.0.1 at 2014-04-03 16:27:07 +0900
F, [2014-04-03T16:27:07.418180 #35653] FATAL -- : 
ActionController::RoutingError (No route matches [GET] "/stylesheets/application.css"):
  actionpack (4.0.4) lib/action_dispatch/middleware/debug_exceptions.rb:21:in `call'
  actionpack (4.0.4) lib/action_dispatch/middleware/show_exceptions.rb:30:in `call'
  railties (4.0.4) lib/rails/rack/logger.rb:38:in `call_app'
  railties (4.0.4) lib/rails/rack/logger.rb:20:in `block in call'
  activesupport (4.0.4) lib/active_support/tagged_logging.rb:68:in `block in tagged'
  activesupport (4.0.4) lib/active_support/tagged_logging.rb:26:in `tagged'
  activesupport (4.0.4) lib/active_support/tagged_logging.rb:68:in `tagged'
  railties (4.0.4) lib/rails/rack/logger.rb:20:in `call'
  actionpack (4.0.4) lib/action_dispatch/middleware/request_id.rb:21:in `call'
  rack (1.5.2) lib/rack/methodoverride.rb:21:in `call'
  rack (1.5.2) lib/rack/runtime.rb:17:in `call'
  activesupport (4.0.4) lib/active_support/cache/strategy/local_cache.rb:83:in `call'
  actionpack (4.0.4) lib/action_dispatch/middleware/static.rb:64:in `call'
  rack (1.5.2) lib/rack/sendfile.rb:112:in `call'
  railties (4.0.4) lib/rails/engine.rb:511:in `call'
  railties (4.0.4) lib/rails/application.rb:97:in `call'
  rack (1.5.2) lib/rack/lock.rb:17:in `call'
  rack (1.5.2) lib/rack/content_length.rb:14:in `call'
  rack (1.5.2) lib/rack/handler/webrick.rb:60:in `service'
  /Users/hiro/.rbenv/versions/2.1.1/lib/ruby/2.1.0/webrick/httpserver.rb:138:in `service'
  /Users/hiro/.rbenv/versions/2.1.1/lib/ruby/2.1.0/webrick/httpserver.rb:94:in `run'
  /Users/hiro/.rbenv/versions/2.1.1/lib/ruby/2.1.0/webrick/server.rb:295:in `block in start_thread'


I, [2014-04-03T16:27:07.530932 #35653]  INFO -- : Started GET "/images/rails.png" for 127.0.0.1 at 2014-04-03 16:27:07 +0900
F, [2014-04-03T16:27:07.551850 #35653] FATAL -- : 
ActionController::RoutingError (No route matches [GET] "/images/rails.png"):
  actionpack (4.0.4) lib/action_dispatch/middleware/debug_exceptions.rb:21:in `call'
  actionpack (4.0.4) lib/action_dispatch/middleware/show_exceptions.rb:30:in `call'
  railties (4.0.4) lib/rails/rack/logger.rb:38:in `call_app'
  railties (4.0.4) lib/rails/rack/logger.rb:20:in `block in call'
  activesupport (4.0.4) lib/active_support/tagged_logging.rb:68:in `block in tagged'
  activesupport (4.0.4) lib/active_support/tagged_logging.rb:26:in `tagged'
  activesupport (4.0.4) lib/active_support/tagged_logging.rb:68:in `tagged'
  railties (4.0.4) lib/rails/rack/logger.rb:20:in `call'
  actionpack (4.0.4) lib/action_dispatch/middleware/request_id.rb:21:in `call'
  rack (1.5.2) lib/rack/methodoverride.rb:21:in `call'
  rack (1.5.2) lib/rack/runtime.rb:17:in `call'
  activesupport (4.0.4) lib/active_support/cache/strategy/local_cache.rb:83:in `call'
  actionpack (4.0.4) lib/action_dispatch/middleware/static.rb:64:in `call'
  rack (1.5.2) lib/rack/sendfile.rb:112:in `call'
  railties (4.0.4) lib/rails/engine.rb:511:in `call'
  railties (4.0.4) lib/rails/application.rb:97:in `call'
  rack (1.5.2) lib/rack/lock.rb:17:in `call'
  rack (1.5.2) lib/rack/content_length.rb:14:in `call'
  rack (1.5.2) lib/rack/handler/webrick.rb:60:in `service'
  /Users/hiro/.rbenv/versions/2.1.1/lib/ruby/2.1.0/webrick/httpserver.rb:138:in `service'
  /Users/hiro/.rbenv/versions/2.1.1/lib/ruby/2.1.0/webrick/httpserver.rb:94:in `run'
  /Users/hiro/.rbenv/versions/2.1.1/lib/ruby/2.1.0/webrick/server.rb:295:in `block in start_thread'


I, [2014-04-03T16:27:08.942149 #35653]  INFO -- : Started GET "/images/rails.png" for 127.0.0.1 at 2014-04-03 16:27:08 +0900
F, [2014-04-03T16:27:08.949473 #35653] FATAL -- : 
ActionController::RoutingError (No route matches [GET] "/images/rails.png"):
  actionpack (4.0.4) lib/action_dispatch/middleware/debug_exceptions.rb:21:in `call'
  actionpack (4.0.4) lib/action_dispatch/middleware/show_exceptions.rb:30:in `call'
  railties (4.0.4) lib/rails/rack/logger.rb:38:in `call_app'
  railties (4.0.4) lib/rails/rack/logger.rb:20:in `block in call'
  activesupport (4.0.4) lib/active_support/tagged_logging.rb:68:in `block in tagged'
  activesupport (4.0.4) lib/active_support/tagged_logging.rb:26:in `tagged'
  activesupport (4.0.4) lib/active_support/tagged_logging.rb:68:in `tagged'
  railties (4.0.4) lib/rails/rack/logger.rb:20:in `call'
  actionpack (4.0.4) lib/action_dispatch/middleware/request_id.rb:21:in `call'
  rack (1.5.2) lib/rack/methodoverride.rb:21:in `call'
  rack (1.5.2) lib/rack/runtime.rb:17:in `call'
  activesupport (4.0.4) lib/active_support/cache/strategy/local_cache.rb:83:in `call'
  actionpack (4.0.4) lib/action_dispatch/middleware/static.rb:64:in `call'
  rack (1.5.2) lib/rack/sendfile.rb:112:in `call'
  railties (4.0.4) lib/rails/engine.rb:511:in `call'
  railties (4.0.4) lib/rails/application.rb:97:in `call'
  rack (1.5.2) lib/rack/lock.rb:17:in `call'
  rack (1.5.2) lib/rack/content_length.rb:14:in `call'
  rack (1.5.2) lib/rack/handler/webrick.rb:60:in `service'
  /Users/hiro/.rbenv/versions/2.1.1/lib/ruby/2.1.0/webrick/httpserver.rb:138:in `service'
  /Users/hiro/.rbenv/versions/2.1.1/lib/ruby/2.1.0/webrick/httpserver.rb:94:in `run'
  /Users/hiro/.rbenv/versions/2.1.1/lib/ruby/2.1.0/webrick/server.rb:295:in `block in start_thread'


I, [2014-04-03T16:27:32.610431 #36286]  INFO -- : Started GET "/static_pages/home" for 127.0.0.1 at 2014-04-03 16:27:32 +0900
I, [2014-04-03T16:27:32.816862 #36286]  INFO -- : Processing by StaticPagesController#home as HTML
I, [2014-04-03T16:27:32.830011 #36286]  INFO -- :   Rendered static_pages/home.html.erb within layouts/application (1.5ms)
I, [2014-04-03T16:27:32.832614 #36286]  INFO -- :   Rendered layouts/_shim.html.erb (0.5ms)
I, [2014-04-03T16:27:32.835169 #36286]  INFO -- :   Rendered layouts/_header.html.erb (0.7ms)
I, [2014-04-03T16:27:32.837371 #36286]  INFO -- :   Rendered layouts/_footer.html.erb (0.8ms)
I, [2014-04-03T16:27:32.837858 #36286]  INFO -- : Completed 200 OK in 21ms (Views: 12.4ms | ActiveRecord: 0.0ms)
